['/home/guests/lana_frkin/GAMDplus/code/LJ', '/opt/python/3.8.10/lib/python38.zip', '/opt/python/3.8.10/lib/python3.8', '/opt/python/3.8.10/lib/python3.8/lib-dynload', '/home/guests/lana_frkin/GAMDplus/code/LJ/GAMDnew/lib/python3.8/site-packages', '/home/guests/lana_frkin/GAMDplus/code', '/home/guests/lana_frkin/GAMDplus/code', '/home/guests/lana_frkin/GAMDplus/code', '/home/guests/lana_frkin/GAMDplus/code/LJ']
['/home/guests/lana_frkin/GAMDplus/code/LJ', '/opt/python/3.8.10/lib/python38.zip', '/opt/python/3.8.10/lib/python3.8', '/opt/python/3.8.10/lib/python3.8/lib-dynload', '/home/guests/lana_frkin/GAMDplus/code/LJ/GAMDnew/lib/python3.8/site-packages', '/home/guests/lana_frkin/GAMDplus/code', '/home/guests/lana_frkin/GAMDplus/code', '/home/guests/lana_frkin/GAMDplus/code', '/home/guests/lana_frkin/GAMDplus/code/LJ', '/home/guests/lana_frkin/GAMDplus/code/LJ/../', '/home/guests/lana_frkin/GAMDplus/code/LJ/../', '/home/guests/lana_frkin/GAMDplus/code', '/home/guests/lana_frkin/GAMDplus/code', '/home/guests/lana_frkin/GAMDplus/code', '/home/guests/lana_frkin/GAMDplus/code/LJ']
Using following set of hyper-parameters
{'encoding_size': 32, 'out_feats': 3, 'hidden_dim': 128, 'edge_embedding_dim': 32, 'conv_layer': 4, 'drop_edge': True, 'use_layer_norm': False, 'box_size': 27.27}
Using MLP with no hidden layer and activations! Fall back to nn.Linear()
Using following set of hyper-parameters
{'encoding_size': 32, 'out_feats': 3, 'hidden_dim': 128, 'edge_embedding_dim': 32, 'conv_layer': 4, 'drop_edge': True, 'use_layer_norm': False, 'box_size': 27.27}
Using MLP with no hidden layer and activations! Fall back to nn.Linear()
Using following set of hyper-parameters
{'encoding_size': 32}
Using following set of hyper-parameters
{'encoding_size': 32}
Loss is:
[[[0.00000000e+00 0.00000000e+00 0.00000000e+00]
  [0.00000000e+00 0.00000000e+00 0.00000000e+00]
  [0.00000000e+00 0.00000000e+00 0.00000000e+00]
  ...
  [0.00000000e+00 0.00000000e+00 0.00000000e+00]
  [0.00000000e+00 0.00000000e+00 0.00000000e+00]
  [0.00000000e+00 0.00000000e+00 0.00000000e+00]]

 [[1.75039291e-01 1.39056444e-02 7.11990595e-02]
  [3.66549253e-01 9.55119133e-02 2.08122849e-01]
  [3.04864645e-01 5.44648468e-02 3.42281818e-01]
  ...
  [3.61793041e-02 1.65543318e-01 1.20593548e-01]
  [2.43076801e-01 1.61020517e-01 5.44862747e-02]
  [1.72725201e-01 2.43675113e-02 3.41348648e-02]]

 [[3.56878519e-01 9.73892212e-03 1.12980187e-01]
  [6.26161575e-01 2.78207779e-01 2.96350718e-01]
  [4.58128691e-01 1.23024099e-01 6.42789364e-01]
  ...
  [1.08263254e-01 3.27010393e-01 2.42699623e-01]
  [4.96770382e-01 3.62161636e-01 7.23164082e-02]
  [2.67390728e-01 4.58349884e-02 4.85889912e-02]]

 ...

 [[1.49982047e+00 1.71861873e+01 5.41117442e+00]
  [9.94139481e+00 1.30194378e+00 4.30775189e+00]
  [1.07370296e+01 1.59004651e+01 6.15919948e+00]
  ...
  [7.95597982e+00 9.32291079e+00 9.90975547e+00]
  [2.15880370e+00 5.38774347e+00 6.91840887e-01]
  [2.77905846e+00 1.20818269e+01 1.89826012e-01]]

 [[1.44312716e+00 1.68247375e+01 5.49620235e+00]
  [1.02517095e+01 1.67378092e+00 4.31799054e+00]
  [1.07075000e+01 1.58245670e+01 6.20191574e+00]
  ...
  [7.93240404e+00 9.48007572e+00 9.94873333e+00]
  [2.15766716e+00 5.40074277e+00 8.77242327e-01]
  [2.83751416e+00 1.19998839e+01 2.60645866e-01]]

 [[1.37747478e+00 1.64485583e+01 5.56707823e+00]
  [1.05670147e+01 1.96625209e+00 4.30600595e+00]
  [1.07223232e+01 1.57737136e+01 6.28699541e+00]
  ...
  [7.93721199e+00 9.63832462e+00 1.00161541e+01]
  [2.16093254e+00 5.39224327e+00 1.04483676e+00]
  [2.85953188e+00 1.18986222e+01 2.55651236e-01]]]
[[[0.00000000e+00 0.00000000e+00 0.00000000e+00]
  [0.00000000e+00 0.00000000e+00 0.00000000e+00]
  [0.00000000e+00 0.00000000e+00 0.00000000e+00]
  ...
  [0.00000000e+00 0.00000000e+00 0.00000000e+00]
  [0.00000000e+00 0.00000000e+00 0.00000000e+00]
  [0.00000000e+00 0.00000000e+00 0.00000000e+00]]

 [[3.06387535e-02 1.93366947e-04 5.06930607e-03]
  [1.34358355e-01 9.12252558e-03 4.33151205e-02]
  [9.29424518e-02 2.96641954e-03 1.17156843e-01]
  ...
  [1.30894205e-03 2.74045901e-02 1.45428038e-02]
  [5.90863313e-02 2.59276070e-02 2.96875413e-03]
  [2.98339949e-02 5.93775606e-04 1.16518900e-03]]

 [[1.27362277e-01 9.48466040e-05 1.27645226e-02]
  [3.92078318e-01 7.73995683e-02 8.78237478e-02]
  [2.09881897e-01 1.51349288e-02 4.13178166e-01]
  ...
  [1.17209322e-02 1.06935797e-01 5.89031071e-02]
  [2.46780812e-01 1.31161051e-01 5.22966289e-03]
  [7.14978014e-02 2.10084616e-03 2.36089006e-03]]

 ...

 [[2.24946144e+00 2.95365033e+02 2.92808086e+01]
  [9.88313307e+01 1.69505760e+00 1.85567264e+01]
  [1.15283804e+02 2.52824791e+02 3.79357382e+01]
  ...
  [6.32976150e+01 8.69166655e+01 9.82032534e+01]
  [4.66043342e+00 2.90277797e+01 4.78643813e-01]
  [7.72316590e+00 1.45970542e+02 3.60339147e-02]]

 [[2.08261599e+00 2.83071794e+02 3.02082403e+01]
  [1.05097547e+02 2.80154256e+00 1.86450423e+01]
  [1.14650556e+02 2.50416919e+02 3.84637589e+01]
  ...
  [6.29230339e+01 8.98718356e+01 9.89772949e+01]
  [4.65552757e+00 2.91680225e+01 7.69554100e-01]
  [8.05148662e+00 1.43997213e+02 6.79362677e-02]]

 [[1.89743678e+00 2.70555071e+02 3.09923600e+01]
  [1.11661800e+02 3.86614728e+00 1.85416873e+01]
  [1.14968214e+02 2.48810040e+02 3.95263113e+01]
  ...
  [6.29993342e+01 9.28973014e+01 1.00323342e+02]
  [4.66962945e+00 2.90762874e+01 1.09168385e+00]
  [8.17692257e+00 1.41577209e+02 6.53575543e-02]]]
Difference is:
[[[ 0.00000000e+00  0.00000000e+00  0.00000000e+00]
  [ 0.00000000e+00  0.00000000e+00  0.00000000e+00]
  [ 0.00000000e+00  0.00000000e+00  0.00000000e+00]
  ...
  [ 0.00000000e+00  0.00000000e+00  0.00000000e+00]
  [ 0.00000000e+00  0.00000000e+00  0.00000000e+00]
  [ 0.00000000e+00  0.00000000e+00  0.00000000e+00]]

 [[-1.75039291e-01  1.39056444e-02  7.11990595e-02]
  [ 3.66549253e-01 -9.55119133e-02  2.08122849e-01]
  [ 3.04864645e-01 -5.44648468e-02 -3.42281818e-01]
  ...
  [-3.61793041e-02  1.65543318e-01  1.20593548e-01]
  [-2.43076801e-01  1.61020517e-01  5.44862747e-02]
  [ 1.72725201e-01  2.43675113e-02 -3.41348648e-02]]

 [[-3.56878519e-01  9.73892212e-03  1.12980187e-01]
  [ 6.26161575e-01 -2.78207779e-01  2.96350718e-01]
  [ 4.58128691e-01 -1.23024099e-01 -6.42789364e-01]
  ...
  [-1.08263254e-01  3.27010393e-01  2.42699623e-01]
  [-4.96770382e-01  3.62161636e-01  7.23164082e-02]
  [ 2.67390728e-01  4.58349884e-02 -4.85889912e-02]]

 ...

 [[ 1.49982047e+00 -1.71861873e+01 -5.41117442e+00]
  [-9.94139481e+00  1.30194378e+00 -4.30775189e+00]
  [ 1.07370296e+01 -1.59004651e+01  6.15919948e+00]
  ...
  [-7.95597982e+00  9.32291079e+00  9.90975547e+00]
  [-2.15880370e+00  5.38774347e+00  6.91840887e-01]
  [ 2.77905846e+00 -1.20818269e+01 -1.89826012e-01]]

 [[ 1.44312716e+00 -1.68247375e+01 -5.49620235e+00]
  [-1.02517095e+01  1.67378092e+00 -4.31799054e+00]
  [ 1.07075000e+01 -1.58245670e+01  6.20191574e+00]
  ...
  [-7.93240404e+00  9.48007572e+00  9.94873333e+00]
  [-2.15766716e+00  5.40074277e+00  8.77242327e-01]
  [ 2.83751416e+00 -1.19998839e+01 -2.60645866e-01]]

 [[ 1.37747478e+00 -1.64485583e+01 -5.56707823e+00]
  [-1.05670147e+01  1.96625209e+00 -4.30600595e+00]
  [ 1.07223232e+01 -1.57737136e+01  6.28699541e+00]
  ...
  [-7.93721199e+00  9.63832462e+00  1.00161541e+01]
  [-2.16093254e+00  5.39224327e+00  1.04483676e+00]
  [ 2.85953188e+00 -1.18986222e+01 -2.55651236e-01]]]
Finished
