2023-11-15 10:24:05.252758: I external/xla/xla/service/service.cc:168] XLA service 0x854b8c0 initialized for platform Interpreter (this does not guarantee that XLA will be used). Devices:
2023-11-15 10:24:05.252808: I external/xla/xla/service/service.cc:176]   StreamExecutor device (0): Interpreter, <undefined>
2023-11-15 10:24:05.256394: I external/xla/xla/pjrt/tfrt_cpu_pjrt_client.cc:218] TfrtCpuClient created.
2023-11-15 10:24:05.594438: I external/xla/xla/service/service.cc:168] XLA service 0x854a810 initialized for platform CUDA (this does not guarantee that XLA will be used). Devices:
2023-11-15 10:24:05.594483: I external/xla/xla/service/service.cc:176]   StreamExecutor device (0): NVIDIA A40, Compute Capability 8.6
2023-11-15 10:24:05.594847: I external/xla/xla/pjrt/gpu/se_gpu_pjrt_client.cc:198] Using BFC allocator.
2023-11-15 10:24:05.594883: I external/xla/xla/pjrt/gpu/gpu_helpers.cc:105] XLA backend allocating 35716694016 bytes on device 0 for BFCAllocator.
2023-11-15 10:24:07.383361: I external/xla/xla/stream_executor/cuda/cuda_dnn.cc:424] Loaded cuDNN version 8500
2023-11-15 10:24:07.415382: I external/xla/xla/stream_executor/cuda/cuda_asm_compiler.cc:52] Using nvlink for parallel linking
WARNING:absl:Using a deprecated code path to create / update neighbor lists. It will be removed in a later version of JAX MD. Using `neighbor_fn.allocate` and `neighbor_fn.update` is preferred.
WARNING:absl:Using a deprecated code path to create / update neighbor lists. It will be removed in a later version of JAX MD. Using `neighbor_fn.allocate` and `neighbor_fn.update` is preferred.
WARNING:absl:Using a deprecated code path to create / update neighbor lists. It will be removed in a later version of JAX MD. Using `neighbor_fn.allocate` and `neighbor_fn.update` is preferred.
WARNING:absl:Using a deprecated code path to create / update neighbor lists. It will be removed in a later version of JAX MD. Using `neighbor_fn.allocate` and `neighbor_fn.update` is preferred.
WARNING:absl:Using a deprecated code path to create / update neighbor lists. It will be removed in a later version of JAX MD. Using `neighbor_fn.allocate` and `neighbor_fn.update` is preferred.
WARNING:absl:Using a deprecated code path to create / update neighbor lists. It will be removed in a later version of JAX MD. Using `neighbor_fn.allocate` and `neighbor_fn.update` is preferred.
WARNING:absl:Using a deprecated code path to create / update neighbor lists. It will be removed in a later version of JAX MD. Using `neighbor_fn.allocate` and `neighbor_fn.update` is preferred.
WARNING:absl:Using a deprecated code path to create / update neighbor lists. It will be removed in a later version of JAX MD. Using `neighbor_fn.allocate` and `neighbor_fn.update` is preferred.
wandb: Currently logged in as: lana4655 (literallythehardestprojectever). Use `wandb login --relogin` to force relogin
wandb: - Waiting for wandb.init()...wandb: \ Waiting for wandb.init()...wandb: | Waiting for wandb.init()...wandb: wandb version 0.16.0 is available!  To upgrade, please run:
wandb:  $ pip install wandb --upgrade
wandb: Tracking run with wandb version 0.15.5
wandb: Run data is saved locally in /home/guests/lana_frkin/GAMDplus/code/LJ/wandb/run-20231115_102452-1n50vgul
wandb: Run `wandb offline` to turn off syncing.
wandb: Syncing run Sequential model
wandb: ⭐️ View project at https://wandb.ai/literallythehardestprojectever/NeuralODE%20jej
wandb: 🚀 View run at https://wandb.ai/literallythehardestprojectever/NeuralODE%20jej/runs/1n50vgul
WARNING:absl:Using a deprecated code path to create / update neighbor lists. It will be removed in a later version of JAX MD. Using `neighbor_fn.allocate` and `neighbor_fn.update` is preferred.
WARNING:absl:Using a deprecated code path to create / update neighbor lists. It will be removed in a later version of JAX MD. Using `neighbor_fn.allocate` and `neighbor_fn.update` is preferred.
WARNING:absl:Using a deprecated code path to create / update neighbor lists. It will be removed in a later version of JAX MD. Using `neighbor_fn.allocate` and `neighbor_fn.update` is preferred.
WARNING:absl:Using a deprecated code path to create / update neighbor lists. It will be removed in a later version of JAX MD. Using `neighbor_fn.allocate` and `neighbor_fn.update` is preferred.
WARNING:absl:Using a deprecated code path to create / update neighbor lists. It will be removed in a later version of JAX MD. Using `neighbor_fn.allocate` and `neighbor_fn.update` is preferred.
WARNING:absl:Using a deprecated code path to create / update neighbor lists. It will be removed in a later version of JAX MD. Using `neighbor_fn.allocate` and `neighbor_fn.update` is preferred.
WARNING:absl:Using a deprecated code path to create / update neighbor lists. It will be removed in a later version of JAX MD. Using `neighbor_fn.allocate` and `neighbor_fn.update` is preferred.
WARNING:absl:Using a deprecated code path to create / update neighbor lists. It will be removed in a later version of JAX MD. Using `neighbor_fn.allocate` and `neighbor_fn.update` is preferred.
slurmstepd: error: *** JOB 26597 ON unimatrix3 CANCELLED AT 2023-11-15T16:04:40 ***
